<?xml version="1.0" encoding="UTF-8"?>
<!-- Generated by org.testng.reporters.JUnitReportReporter -->
<testsuite skipped="0" hostname="o-knyazevas-MacBook-Pro.local" name="com.test.LoginTest" tests="1" failures="0" timestamp="12 Mar 2017 11:51:00 GMT" time="17.916" errors="0">
  <testcase name="Login" time="17.916" classname="com.test.LoginTest"/>
</testsuite> <!-- com.test.LoginTest -->
