<?xml version="1.0" encoding="UTF-8"?>
<!-- Generated by org.testng.reporters.JUnitReportReporter -->
<testsuite skipped="0" hostname="PAVEL_LAPTOP" name="FileStorageTest" tests="4" failures="0" timestamp="09 мар 2017 18:15:42 GMT" time="5.416" errors="0">
  <testcase name="writeExistedFileTest" time="1.813" classname="FileStorageTest"/>
  <testcase name="writeSingleFileTest" time="1.801" classname="FileStorageTest"/>
  <testcase name="writeSingleFileNotEnoughSpaceTest" time="0.002" classname="FileStorageTest"/>
  <testcase name="isExistsTest" time="1.800" classname="FileStorageTest"/>
</testsuite> <!-- FileStorageTest -->
